The system is: Linux - 5.10.16.3-microsoft-standard-WSL2 - x86_64
Compiling the C compiler identification source file "CMakeCCompilerId.c" succeeded.
Compiler: /usr/bin/cc 
Build flags: 
Id flags:  

The output was:
0


Compilation of the C compiler identification source "CMakeCCompilerId.c" produced "a.out"

The C compiler identification is GNU, found in "/mnt/c/Users/Max Dacko/OneDrive/Escritorio/1er Cuatri 2022/Ejercicios Labo/Labo 05/cmake-build-debug/CMakeFiles/3.18.4/CompilerIdC/a.out"

Compiling the CXX compiler identification source file "CMakeCXXCompilerId.cpp" succeeded.
Compiler: /usr/bin/c++ 
Build flags: 
Id flags:  

The output was:
0


Compilation of the CXX compiler identification source "CMakeCXXCompilerId.cpp" produced "a.out"

The CXX compiler identification is GNU, found in "/mnt/c/Users/Max Dacko/OneDrive/Escritorio/1er Cuatri 2022/Ejercicios Labo/Labo 05/cmake-build-debug/CMakeFiles/3.18.4/CompilerIdCXX/a.out"

Determining if the C compiler works passed with the following output:
Change Dir: /mnt/c/Users/Max Dacko/OneDrive/Escritorio/1er Cuatri 2022/Ejercicios Labo/Labo 05/cmake-build-debug/CMakeFiles/CMakeTmp

Run Build Command(s):/usr/bin/gmake cmTC_a3ad8/fast && /usr/bin/gmake  -f CMakeFiles/cmTC_a3ad8.dir/build.make CMakeFiles/cmTC_a3ad8.dir/build
gmake[1]: Entering directory '/mnt/c/Users/Max Dacko/OneDrive/Escritorio/1er Cuatri 2022/Ejercicios Labo/Labo 05/cmake-build-debug/CMakeFiles/CMakeTmp'
Building C object CMakeFiles/cmTC_a3ad8.dir/testCCompiler.c.o
/usr/bin/cc    -o CMakeFiles/cmTC_a3ad8.dir/testCCompiler.c.o -c "/mnt/c/Users/Max Dacko/OneDrive/Escritorio/1er Cuatri 2022/Ejercicios Labo/Labo 05/cmake-build-debug/CMakeFiles/CMakeTmp/testCCompiler.c"
Linking C executable cmTC_a3ad8
/usr/bin/cmake -E cmake_link_script CMakeFiles/cmTC_a3ad8.dir/link.txt --verbose=1
/usr/bin/cc -rdynamic CMakeFiles/cmTC_a3ad8.dir/testCCompiler.c.o -o cmTC_a3ad8 
gmake[1]: Leaving directory '/mnt/c/Users/Max Dacko/OneDrive/Escritorio/1er Cuatri 2022/Ejercicios Labo/Labo 05/cmake-build-debug/CMakeFiles/CMakeTmp'



Determining if the CXX compiler works passed with the following output:
Change Dir: /mnt/c/Users/Max Dacko/OneDrive/Escritorio/1er Cuatri 2022/Ejercicios Labo/Labo 05/cmake-build-debug/CMakeFiles/CMakeTmp

Run Build Command(s):/usr/bin/gmake cmTC_72765/fast && /usr/bin/gmake  -f CMakeFiles/cmTC_72765.dir/build.make CMakeFiles/cmTC_72765.dir/build
gmake[1]: Entering directory '/mnt/c/Users/Max Dacko/OneDrive/Escritorio/1er Cuatri 2022/Ejercicios Labo/Labo 05/cmake-build-debug/CMakeFiles/CMakeTmp'
Building CXX object CMakeFiles/cmTC_72765.dir/testCXXCompiler.cxx.o
/usr/bin/c++    -o CMakeFiles/cmTC_72765.dir/testCXXCompiler.cxx.o -c "/mnt/c/Users/Max Dacko/OneDrive/Escritorio/1er Cuatri 2022/Ejercicios Labo/Labo 05/cmake-build-debug/CMakeFiles/CMakeTmp/testCXXCompiler.cxx"
Linking CXX executable cmTC_72765
/usr/bin/cmake -E cmake_link_script CMakeFiles/cmTC_72765.dir/link.txt --verbose=1
/usr/bin/c++ -rdynamic CMakeFiles/cmTC_72765.dir/testCXXCompiler.cxx.o -o cmTC_72765 
gmake[1]: Leaving directory '/mnt/c/Users/Max Dacko/OneDrive/Escritorio/1er Cuatri 2022/Ejercicios Labo/Labo 05/cmake-build-debug/CMakeFiles/CMakeTmp'



